[0m19:42:28.919704 [debug] [MainThread]: Sending event: {'category': 'dbt', 'action': 'invocation', 'label': 'start', 'context': [<snowplow_tracker.self_describing_json.SelfDescribingJson object at 0x0000029D2405B620>, <snowplow_tracker.self_describing_json.SelfDescribingJson object at 0x0000029D25EB7C50>, <snowplow_tracker.self_describing_json.SelfDescribingJson object at 0x0000029D25EB7890>]}


============================== 19:42:28.945164 | 9ca884d5-7148-4360-afd1-110cda58f730 ==============================
[0m19:42:28.945164 [info ] [MainThread]: Running with dbt=1.11.8
[0m19:42:28.947230 [debug] [MainThread]: running dbt with arguments {'static_parser': 'True', 'no_print': 'None', 'version_check': 'True', 'target_path': 'None', 'warn_error_options': 'WarnErrorOptionsV2(error=[], warn=[], silence=[])', 'printer_width': '80', 'write_json': 'True', 'empty': 'None', 'log_cache_events': 'False', 'introspect': 'True', 'cache_selected_only': 'False', 'fail_fast': 'False', 'debug': 'False', 'log_format': 'default', 'partial_parse': 'True', 'send_anonymous_usage_stats': 'True', 'quiet': 'False', 'warn_error': 'None', 'profiles_dir': 'C:\\Users\\pvgaq\\.dbt', 'invocation_command': 'dbt init taxi_analytics', 'use_colors': 'True', 'indirect_selection': 'eager', 'use_experimental_parser': 'False', 'log_path': 'logs'}
[0m19:42:29.255760 [info ] [MainThread]: Creating dbt configuration folder at C:\Users\pvgaq\.dbt
[0m19:42:29.267116 [debug] [MainThread]: Starter project path: D:\GitHub\upskillDE\venv\Lib\site-packages\dbt\include\starter_project
[0m19:42:29.299517 [info ] [MainThread]: 
Your new dbt project "taxi_analytics" was created!

For more information on how to configure the profiles.yml file,
please consult the dbt documentation here:

  https://docs.getdbt.com/docs/configure-your-profile

One more thing:

Need help? Don't hesitate to reach out to us via GitHub issues or on Slack:

  https://community.getdbt.com/

Happy modeling!

[0m19:42:29.302203 [info ] [MainThread]: Setting up your profile.
[0m19:43:27.049751 [info ] [MainThread]: Profile taxi_analytics written to C:\Users\pvgaq\.dbt\profiles.yml using target's sample configuration. Once updated, you'll be able to start developing with dbt.
[0m19:43:27.052214 [debug] [MainThread]: Command `dbt init` succeeded at 19:43:27.052022 after 58.34 seconds
[0m19:43:27.052748 [debug] [MainThread]: Sending event: {'category': 'dbt', 'action': 'invocation', 'label': 'end', 'context': [<snowplow_tracker.self_describing_json.SelfDescribingJson object at 0x0000029D25ECB230>, <snowplow_tracker.self_describing_json.SelfDescribingJson object at 0x0000029D25FB7BF0>, <snowplow_tracker.self_describing_json.SelfDescribingJson object at 0x0000029D239618C0>]}
[0m19:43:27.053236 [debug] [MainThread]: Flushing usage events
[0m19:43:28.011871 [debug] [MainThread]: An error was encountered while trying to flush usage events
